

Malicious Login Attempt: 3
Email: select@gmail.com
Password: select
Date and Time: 2024-04-23 12:27 AM

Malicious Login Attempt: 1
Email: select@gmail.com
Password: seelct
Date and Time: 2024-04-23 12:28 AM


Malicious Login Attempt: 1
Email: select
Password: select
Date and Time: 2024-04-23 12:46 AM

Malicious Login Attempt: 2
Email: select
Password: select
Date and Time: 2024-04-23 12:46 AM

Malicious Login Attempt: 3
Email: select
Password: seelct
Date and Time: 2024-04-23 12:46 AM

Malicious Login Attempt: 1
Email: select
Password: seelct
Date and Time: 2024-04-23 12:47 AM

Malicious Login Attempt: 1
Email: select
Password: select
Date and Time: 2024-04-23 10:59 AM

Malicious Login Attempt: 2
Email: select
Password: select
Date and Time: 2024-04-23 10:59 AM

Malicious Login Attempt: 3
Email: select
Password: select
Date and Time: 2024-04-23 11:00 AM

Malicious Login Attempt: 1
Email: 'or 1=1'
Password: or 1=1'
Date and Time: 2024-06-07 05:52 PM

Malicious Login Attempt: 4
Email: select
Password: select
Date and Time: 2024-06-08 05:37 PM

Malicious Login Attempt: 1
Email: select
Password: select
Date and Time: 2024-06-08 05:39 PM

Malicious Login Attempt: 3
Email: select
Password: select
Date and Time: 2024-06-08 05:41 PM

Malicious Login Attempt: 1
Email: select
Password: select
Date and Time: 2024-06-08 05:44 PM

Malicious Login Attempt: 2
Email: select
Password: select
Date and Time: 2024-06-08 05:45 PM

Malicious Login Attempt: 3
Email: select
Password: select
Date and Time: 2024-06-08 05:45 PM

Malicious Login Attempt: 1
Email: select
Password: select
Date and Time: 2024-06-08 06:17 PM

Malicious Login Attempt: 2
Email: select
Password: select
Date and Time: 2024-06-08 06:17 PM

Malicious Login Attempt: 3
Email: select
Password: select
Date and Time: 2024-06-08 06:17 PM

Malicious Login Attempt: 1
Email: select
Password: seelct
Date and Time: 2024-06-08 06:17 PM

Malicious Login Attempt: 2
Email: select
Password: select
Date and Time: 2024-06-08 06:25 PM

Malicious Login Attempt: 3
Email: select
Password: select
Date and Time: 2024-06-08 06:25 PM

Malicious Login Attempt: 1
Email: select
Password: select
Date and Time: 2024-06-08 06:31 PM

Malicious Login Attempt: 2
Email: select
Password: select
Date and Time: 2024-06-08 06:31 PM

Malicious Login Attempt: 3
Email: select
Password: select
Date and Time: 2024-06-08 06:31 PM

Malicious Login Attempt: 1
Email: select
Password: select
Date and Time: 2024-06-08 06:32 PM

Malicious Login Attempt: 2
Email: select
Password: select
Date and Time: 2024-06-08 06:33 PM

Malicious Login Attempt: 3
Email: select
Password: select
Date and Time: 2024-06-08 06:33 PM

Malicious Login Attempt: 1
Email: select
Password: select
Date and Time: 2024-06-08 06:38 PM

Malicious Login Attempt: 2
Email: select
Password: select
Date and Time: 2024-06-08 06:38 PM

Malicious Login Attempt: 3
Email: select
Password: select
Date and Time: 2024-06-08 06:38 PM

Malicious Login Attempt: 1
Email: select
Password: select
Date and Time: 2024-06-08 06:40 PM

Malicious Login Attempt: 2
Email: select
Password: select
Date and Time: 2024-06-08 06:40 PM

Malicious Login Attempt: 3
Email: select
Password: select
Date and Time: 2024-06-08 06:40 PM

Malicious Login Attempt: 1
Email: select
Password: select
Date and Time: 2024-06-10 10:18 PM

Malicious Login Attempt: 2
Email: select
Password: select
Date and Time: 2024-06-10 10:19 PM

Malicious Login Attempt: 3
Email: select
Password: select
Date and Time: 2024-06-10 10:19 PM

Malicious Login Attempt: 1
Email: 1=1--
Password: 1=1--
Date and Time: 2024-11-17 06:36 PM

Malicious Login Attempt: 1
Email: 'or 1=1--
Password: 'or 1==1
Date and Time: 2024-11-24 10:11 PM

Malicious Login Attempt: 1
Email: 'or 1=1--
Password: 'or 1=1--
Date and Time: 2024-11-24 10:44 PM

Malicious Login Attempt: 2
Email: 'or 1=1--
Password: 'or 1=1--
Date and Time: 2024-11-24 10:47 PM

Malicious Login Attempt: 3
Email: 'or 1=1--
Password: 'or 1=1--
Date and Time: 2024-11-24 10:47 PM

Malicious Login Attempt: 1
Email: 'or 1=1--
Password: 'or 1=1--
Date and Time: 2024-11-24 11:04 PM

Malicious Login Attempt: 2
Email: 'or 1=1--
Password: 'or 1=1--
Date and Time: 2024-11-24 11:06 PM

Malicious Login Attempt: 3
Email: 'or 1=1--
Password: 'or 1=1--
Date and Time: 2024-11-24 11:06 PM

Malicious Login Attempt: 1
Email: 'or 1=1--
Password: 'or 1=1--
Date and Time: 2024-11-24 11:11 PM

Malicious Login Attempt: 2
Email: 'or 1=1--
Password: 'or 1=1--
Date and Time: 2024-11-24 11:14 PM

Malicious Login Attempt: 3
Email: 'or 1=1--
Password: 'or 1=1--
Date and Time: 2024-11-24 11:14 PM

Malicious Login Attempt: 1
Email: 'or 1=1--
Password: 'or 1=1--
Date and Time: 2024-11-25 11:25 AM

Malicious Login Attempt: 2
Email: 'or 1=1--
Password: 'or 1=1--
Date and Time: 2024-11-25 11:25 AM

Malicious Login Attempt: 3
Email: 'or 1=1--
Password: 'or 1=1--
Date and Time: 2024-11-25 11:25 AM

Malicious Login Attempt: 1
Email: 'or 1=1--
Password: 'or 1=1--
Date and Time: 2024-11-25 11:27 AM

Malicious Login Attempt: 3
Email: 'or 1=1--
Password: 'or 1=1--
Date and Time: 2024-11-25 11:30 AM

Malicious Login Attempt: 1
Email: 'or 1=1--
Password: 'or 1=1--
Date and Time: 2024-11-25 11:31 AM

Malicious Login Attempt: 2
Email: 'or 1=1--
Password: 'or 1=1--
Date and Time: 2024-11-25 11:31 AM

Malicious Login Attempt: 3
Email: 'or 1=1--
Password: 'or 1=1--
Date and Time: 2024-11-25 11:31 AM

Malicious Login Attempt: 1
Email: 'or 1=1--
Password: 'or 1=1--
Date and Time: 2024-11-27 10:59 PM

Malicious Login Attempt: 2
Email: 'or 1=1--
Password: 'or 1=1--
Date and Time: 2024-11-27 10:59 PM

Malicious Login Attempt: 3
Email: 'or 1=1--
Password: 'or 1=1--
Date and Time: 2024-11-27 10:59 PM

Malicious Login Attempt: 1
Email: 'or 1=1--
Password: 'or 1=1--
Date and Time: 2024-11-27 11:17 PM

Malicious Login Attempt: 2
Email: 'or 1=1--
Password: 'or 1=1--
Date and Time: 2024-11-27 11:18 PM

Malicious Login Attempt: 3
Email: 'or 1=1--
Password: 'or 1=1--
Date and Time: 2024-11-27 11:18 PM

Malicious Login Attempt: 1
Email: 'or 1=1--
Password: 'or 1=1--
Date and Time: 2024-11-27 11:30 PM

Malicious Login Attempt: 2
Email: 'or 1=1--
Password: 'or 1=1--
Date and Time: 2024-11-27 11:30 PM

Malicious Login Attempt: 3
Email: 'or 1=1--
Password: 'or 1=1--
Date and Time: 2024-11-27 11:30 PM

Malicious Login Attempt: 1
Email: 'or 1=1--
Password: 'or 1=1--
Date and Time: 2024-11-27 11:58 PM

Malicious Login Attempt: 2
Email: 'or 1=1--
Password: 'or 1=1--
Date and Time: 2024-11-27 11:58 PM

Malicious Login Attempt: 3
Email: 'or 1=1--
Password: 'or 1=1--
Date and Time: 2024-11-27 11:58 PM

Malicious Login Attempt: 2
Email: 'or 1=1--
Password: 'or 1=1--
Date and Time: 2024-11-28 12:01 AM

Malicious Login Attempt: 3
Email: 'or 1=1--
Password: 'or 1=1--
Date and Time: 2024-11-28 12:02 AM

Malicious Login Attempt: 1
Email: 'or 1=1--
Password: 'or 1=1--
Date and Time: 2024-11-28 12:04 AM

Malicious Login Attempt: 2
Email: 'or 1=1--
Password: 'or 1=1--
Date and Time: 2024-11-28 12:04 AM

Malicious Login Attempt: 3
Email: 'or 1=1--
Password: 'or 1=1--
Date and Time: 2024-11-28 12:05 AM

Malicious Login Attempt: 1
Email: 'or 1=1--
Password: 'or 1=1--
Date and Time: 2024-11-28 12:05 AM

Malicious Login Attempt: 2
Email: 'or 1=1--
Password: 'or 1=1--
Date and Time: 2024-11-28 12:05 AM

Malicious Login Attempt: 3
Email: 'or 1=1--
Password: 'or 1=1--
Date and Time: 2024-11-28 12:05 AM

Malicious Login Attempt: 1
Email: 'or 1=1--
Password: 'or 1=1--
Date and Time: 2024-11-28 12:33 AM

Malicious Login Attempt: 2
Email: 'or 1=1--
Password: 'or 1=1--
Date and Time: 2024-11-28 12:33 AM

Malicious Login Attempt: 3
Email: 'or 1=1--
Password: 'or 1=1--
Date and Time: 2024-11-28 12:33 AM

Malicious Login Attempt: 2
Email: 'or 1=1--
Password: 'or 1=1--
Date and Time: 2024-11-28 10:09 AM

Malicious Login Attempt: 3
Email: 'or 1=1--
Password: 'or 1=1--
Date and Time: 2024-11-28 10:09 AM

Malicious Login Attempt: 1
Email: 'or 1=1--
Password: 'or 1=1--
Date and Time: 2024-11-28 10:12 AM

Malicious Login Attempt: 2
Email: 'or 1=1--
Password: 'or 1=1--
Date and Time: 2024-11-28 10:12 AM

Malicious Login Attempt: 3
Email: 'or 1=1--
Password: 'or 1=1--
Date and Time: 2024-11-28 10:13 AM

Malicious Login Attempt: 1
Email: 'or 1=1--
Password: 'or 1=1--
Date and Time: 2024-11-28 10:16 AM

Malicious Login Attempt: 2
Email: 'or 1=1--
Password: 'or 1=1--
Date and Time: 2024-11-28 10:16 AM

Malicious Login Attempt: 3
Email: 'or 1=1--
Password: 'or 1=1--
Date and Time: 2024-11-28 10:16 AM

Malicious Login Attempt: 1
Email: 'or 1=1--
Password: 'or 1=1--
Date and Time: 2024-11-28 10:35 AM

Malicious Login Attempt: 2
Email: 'or 1=1--
Password: 'or 1=1--
Date and Time: 2024-11-28 10:35 AM

Malicious Login Attempt: 3
Email: 'or 1=1--
Password: 'or 1=1--
Date and Time: 2024-11-28 10:35 AM

